<?xml version="1.0" encoding="UTF-8"?>
<testng-results ignored="0" total="1" passed="1" failed="0" skipped="0">
  <reporter-output>
  </reporter-output>
  <suite started-at="2022-11-22T16:03:46 IST" name="Test-Suite" finished-at="2022-11-22T16:03:55 IST" duration-ms="9497">
    <groups>
    </groups>
    <test started-at="2022-11-22T16:03:46 IST" name="BJSSampleTest" finished-at="2022-11-22T16:03:55 IST" duration-ms="9497">
      <class name="com.bjs.test.TestBjsSite">
        <test-method signature="openBjsSite()[pri:0, instance:com.bjs.test.TestBjsSite@290222c1]" started-at="2022-11-22T16:03:46 IST" name="openBjsSite" finished-at="2022-11-22T16:03:55 IST" duration-ms="9457" status="PASS">
          <reporter-output>
          </reporter-output>
        </test-method> <!-- openBjsSite -->
      </class> <!-- com.bjs.test.TestBjsSite -->
    </test> <!-- BJSSampleTest -->
  </suite> <!-- Test-Suite -->
</testng-results>
